<?xml version="1.0" encoding="UTF-8"?>
<testsuite xmlns:xsi="http://www.w3.org/2001/XMLSchema-instance" xsi:noNamespaceSchemaLocation="https://maven.apache.org/surefire/maven-surefire-plugin/xsd/surefire-test-report-3.0.xsd" version="3.0" name="com.benmaliktchamalam.wordcounter.rest.server.WordCounterControllerTest" time="1.109" tests="3" errors="0" skipped="0" failures="0">
  <properties>
[...]
</properties>
  <testcase name="testGetMostNWordFrequenciesAPI" classname="com.benmaliktchamalam.wordcounter.rest.server.WordCounterControllerTest" time="0.105">
    <system-out><![CDATA[2023-11-22T08:35:10.117+01:00  INFO 20943 --- [           main] t.c.s.AnnotationConfigContextLoaderUtils : Could not detect default configuration classes for test class [com.benmaliktchamalam.wordcounter.rest.server.WordCounterControllerTest]: WordCounterControllerTest does not declare any static, non-private, non-final, nested classes annotated with @Configuration.
2023-11-22T08:35:10.160+01:00  INFO 20943 --- [           main] .b.t.c.SpringBootTestContextBootstrapper : Found @SpringBootConfiguration com.benmaliktchamalam.wordcounter.rest.WordCounterSpringApplication for test class com.benmaliktchamalam.wordcounter.rest.server.WordCounterControllerTest
2023-11-22T08:35:10.172+01:00  INFO 20943 --- [           main] o.s.b.d.r.RestartApplicationListener     : Restart disabled due to context in which it is running

  .   ____          _            __ _ _
 /\\ / ___'_ __ _ _(_)_ __  __ _ \ \ \ \
( ( )\___ | '_ | '_| | '_ \/ _` | \ \ \ \
 \\/  ___)| |_)| | | | | || (_| |  ) ) ) )
  '  |____| .__|_| |_|_| |_\__, | / / / /
 =========|_|==============|___/=/_/_/_/
 :: Spring Boot ::                (v3.1.5)

2023-11-22T08:35:10.258+01:00  INFO 20943 --- [           main] c.b.w.r.s.WordCounterControllerTest      : Starting WordCounterControllerTest using Java 17.0.7 with PID 20943 (started by bentchamalam in /Users/bentchamalam/Documents/personel/word-counter-problem/word-counter-rest)
2023-11-22T08:35:10.258+01:00  INFO 20943 --- [           main] c.b.w.r.s.WordCounterControllerTest      : No active profile set, falling back to 1 default profile: "default"
2023-11-22T08:35:10.743+01:00  INFO 20943 --- [           main] trationDelegate$BeanPostProcessorChecker : Bean 'org.springframework.ws.config.annotation.DelegatingWsConfiguration' of type [org.springframework.ws.config.annotation.DelegatingWsConfiguration$$SpringCGLIB$$0] is not eligible for getting processed by all BeanPostProcessors (for example: not eligible for auto-proxying)
2023-11-22T08:35:10.750+01:00  INFO 20943 --- [           main] .w.s.a.s.AnnotationActionEndpointMapping : Supporting [WS-Addressing August 2004, WS-Addressing 1.0]
2023-11-22T08:35:11.032+01:00  INFO 20943 --- [           main] o.s.b.t.m.w.SpringBootMockServletContext : Initializing Spring TestDispatcherServlet ''
2023-11-22T08:35:11.033+01:00  INFO 20943 --- [           main] o.s.t.web.servlet.TestDispatcherServlet  : Initializing Servlet ''
2023-11-22T08:35:11.038+01:00  INFO 20943 --- [           main] o.s.t.web.servlet.TestDispatcherServlet  : Completed initialization in 1 ms
2023-11-22T08:35:11.056+01:00  INFO 20943 --- [           main] c.b.w.r.s.WordCounterControllerTest      : Started WordCounterControllerTest in 0.884 seconds (process running for 6.55)
]]></system-out>
  </testcase>
  <testcase name="testGetHighestFrequency" classname="com.benmaliktchamalam.wordcounter.rest.server.WordCounterControllerTest" time="0.009"/>
  <testcase name="testGetWordFrequency" classname="com.benmaliktchamalam.wordcounter.rest.server.WordCounterControllerTest" time="0.006"/>
</testsuite>